mode: atomic
github.com/p12s/library-rest-api/library/pkg/config/config.go:44.29,47.57 2 1
github.com/p12s/library-rest-api/library/pkg/config/config.go:51.2,51.65 1 1
github.com/p12s/library-rest-api/library/pkg/config/config.go:55.2,55.65 1 1
github.com/p12s/library-rest-api/library/pkg/config/config.go:59.2,59.63 1 1
github.com/p12s/library-rest-api/library/pkg/config/config.go:63.2,63.17 1 1
github.com/p12s/library-rest-api/library/pkg/config/config.go:47.57,49.3 1 0
github.com/p12s/library-rest-api/library/pkg/config/config.go:51.65,53.3 1 0
github.com/p12s/library-rest-api/library/pkg/config/config.go:55.65,57.3 1 0
github.com/p12s/library-rest-api/library/pkg/config/config.go:59.63,61.3 1 0
github.com/p12s/library-rest-api/library/pkg/grpcClient/grpcClient.go:18.46,20.16 2 0
github.com/p12s/library-rest-api/library/pkg/grpcClient/grpcClient.go:25.2,27.8 1 0
github.com/p12s/library-rest-api/library/pkg/grpcClient/grpcClient.go:20.16,23.3 2 0
github.com/p12s/library-rest-api/library/pkg/handler/auth.go:22.42,25.43 2 5
github.com/p12s/library-rest-api/library/pkg/handler/auth.go:30.2,31.16 2 2
github.com/p12s/library-rest-api/library/pkg/handler/auth.go:63.2,65.4 1 1
github.com/p12s/library-rest-api/library/pkg/handler/auth.go:25.43,28.3 2 3
github.com/p12s/library-rest-api/library/pkg/handler/auth.go:31.16,34.3 2 1
github.com/p12s/library-rest-api/library/pkg/handler/auth.go:86.42,88.43 2 4
github.com/p12s/library-rest-api/library/pkg/handler/auth.go:93.2,94.16 2 2
github.com/p12s/library-rest-api/library/pkg/handler/auth.go:124.2,126.4 1 1
github.com/p12s/library-rest-api/library/pkg/handler/auth.go:88.43,91.3 2 2
github.com/p12s/library-rest-api/library/pkg/handler/auth.go:94.16,97.3 2 1
github.com/p12s/library-rest-api/library/pkg/handler/book.go:30.46,34.16 3 0
github.com/p12s/library-rest-api/library/pkg/handler/book.go:39.2,40.42 2 0
github.com/p12s/library-rest-api/library/pkg/handler/book.go:45.2,46.16 2 0
github.com/p12s/library-rest-api/library/pkg/handler/book.go:51.2,51.12 1 0
github.com/p12s/library-rest-api/library/pkg/handler/book.go:63.2,63.12 1 0
github.com/p12s/library-rest-api/library/pkg/handler/book.go:75.2,77.4 1 0
github.com/p12s/library-rest-api/library/pkg/handler/book.go:34.16,37.3 2 0
github.com/p12s/library-rest-api/library/pkg/handler/book.go:40.42,43.3 2 0
github.com/p12s/library-rest-api/library/pkg/handler/book.go:46.16,49.3 2 0
github.com/p12s/library-rest-api/library/pkg/handler/book.go:51.12,58.17 2 0
github.com/p12s/library-rest-api/library/pkg/handler/book.go:58.17,60.4 1 0
github.com/p12s/library-rest-api/library/pkg/handler/book.go:63.12,70.17 2 0
github.com/p12s/library-rest-api/library/pkg/handler/book.go:70.17,72.4 1 0
github.com/p12s/library-rest-api/library/pkg/handler/book.go:92.47,94.16 2 0
github.com/p12s/library-rest-api/library/pkg/handler/book.go:103.2,104.16 2 0
github.com/p12s/library-rest-api/library/pkg/handler/book.go:109.2,109.12 1 0
github.com/p12s/library-rest-api/library/pkg/handler/book.go:120.2,120.12 1 0
github.com/p12s/library-rest-api/library/pkg/handler/book.go:131.2,131.30 1 0
github.com/p12s/library-rest-api/library/pkg/handler/book.go:94.16,97.3 2 0
github.com/p12s/library-rest-api/library/pkg/handler/book.go:104.16,107.3 2 0
github.com/p12s/library-rest-api/library/pkg/handler/book.go:109.12,115.17 2 0
github.com/p12s/library-rest-api/library/pkg/handler/book.go:115.17,117.4 1 0
github.com/p12s/library-rest-api/library/pkg/handler/book.go:120.12,126.17 2 0
github.com/p12s/library-rest-api/library/pkg/handler/book.go:126.17,128.4 1 0
github.com/p12s/library-rest-api/library/pkg/handler/book.go:147.47,149.16 2 0
github.com/p12s/library-rest-api/library/pkg/handler/book.go:154.2,155.16 2 0
github.com/p12s/library-rest-api/library/pkg/handler/book.go:160.2,161.17 2 0
github.com/p12s/library-rest-api/library/pkg/handler/book.go:170.2,170.12 1 0
github.com/p12s/library-rest-api/library/pkg/handler/book.go:181.2,181.12 1 0
github.com/p12s/library-rest-api/library/pkg/handler/book.go:192.2,192.29 1 0
github.com/p12s/library-rest-api/library/pkg/handler/book.go:149.16,152.3 2 0
github.com/p12s/library-rest-api/library/pkg/handler/book.go:155.16,158.3 2 0
github.com/p12s/library-rest-api/library/pkg/handler/book.go:161.17,163.17 2 0
github.com/p12s/library-rest-api/library/pkg/handler/book.go:167.3,167.66 1 0
github.com/p12s/library-rest-api/library/pkg/handler/book.go:163.17,166.4 2 0
github.com/p12s/library-rest-api/library/pkg/handler/book.go:170.12,176.17 2 0
github.com/p12s/library-rest-api/library/pkg/handler/book.go:176.17,178.4 1 0
github.com/p12s/library-rest-api/library/pkg/handler/book.go:181.12,187.17 2 0
github.com/p12s/library-rest-api/library/pkg/handler/book.go:187.17,189.4 1 0
github.com/p12s/library-rest-api/library/pkg/handler/book.go:209.46,211.16 2 0
github.com/p12s/library-rest-api/library/pkg/handler/book.go:216.2,217.16 2 0
github.com/p12s/library-rest-api/library/pkg/handler/book.go:222.2,225.43 3 0
github.com/p12s/library-rest-api/library/pkg/handler/book.go:230.2,230.61 1 0
github.com/p12s/library-rest-api/library/pkg/handler/book.go:235.2,235.12 1 0
github.com/p12s/library-rest-api/library/pkg/handler/book.go:247.2,247.12 1 0
github.com/p12s/library-rest-api/library/pkg/handler/book.go:259.2,259.45 1 0
github.com/p12s/library-rest-api/library/pkg/handler/book.go:211.16,214.3 2 0
github.com/p12s/library-rest-api/library/pkg/handler/book.go:217.16,220.3 2 0
github.com/p12s/library-rest-api/library/pkg/handler/book.go:225.43,228.3 2 0
github.com/p12s/library-rest-api/library/pkg/handler/book.go:230.61,233.3 2 0
github.com/p12s/library-rest-api/library/pkg/handler/book.go:235.12,242.17 2 0
github.com/p12s/library-rest-api/library/pkg/handler/book.go:242.17,244.4 1 0
github.com/p12s/library-rest-api/library/pkg/handler/book.go:247.12,254.17 2 0
github.com/p12s/library-rest-api/library/pkg/handler/book.go:254.17,256.4 1 0
github.com/p12s/library-rest-api/library/pkg/handler/book.go:275.46,278.16 2 0
github.com/p12s/library-rest-api/library/pkg/handler/book.go:283.2,284.16 2 0
github.com/p12s/library-rest-api/library/pkg/handler/book.go:289.2,290.16 2 0
github.com/p12s/library-rest-api/library/pkg/handler/book.go:295.2,295.12 1 0
github.com/p12s/library-rest-api/library/pkg/handler/book.go:307.2,307.12 1 0
github.com/p12s/library-rest-api/library/pkg/handler/book.go:319.2,321.45 2 0
github.com/p12s/library-rest-api/library/pkg/handler/book.go:278.16,281.3 2 0
github.com/p12s/library-rest-api/library/pkg/handler/book.go:284.16,287.3 2 0
github.com/p12s/library-rest-api/library/pkg/handler/book.go:290.16,293.3 2 0
github.com/p12s/library-rest-api/library/pkg/handler/book.go:295.12,302.17 2 0
github.com/p12s/library-rest-api/library/pkg/handler/book.go:302.17,304.4 1 0
github.com/p12s/library-rest-api/library/pkg/handler/book.go:307.12,314.17 2 0
github.com/p12s/library-rest-api/library/pkg/handler/book.go:314.17,316.4 1 0
github.com/p12s/library-rest-api/library/pkg/handler/handler.go:28.49,36.2 1 9
github.com/p12s/library-rest-api/library/pkg/handler/handler.go:39.44,48.2 6 0
github.com/p12s/library-rest-api/library/pkg/handler/handler.go:53.2,54.2 2 0
github.com/p12s/library-rest-api/library/pkg/handler/handler.go:64.2,64.15 1 0
github.com/p12s/library-rest-api/library/pkg/handler/handler.go:48.2,51.3 2 0
github.com/p12s/library-rest-api/library/pkg/handler/handler.go:54.2,56.3 2 0
github.com/p12s/library-rest-api/library/pkg/handler/handler.go:56.3,62.4 5 0
github.com/p12s/library-rest-api/library/pkg/handler/health.go:9.42,13.2 1 0
github.com/p12s/library-rest-api/library/pkg/handler/middleware.go:17.48,19.18 2 0
github.com/p12s/library-rest-api/library/pkg/handler/middleware.go:24.2,25.57 2 0
github.com/p12s/library-rest-api/library/pkg/handler/middleware.go:30.2,30.32 1 0
github.com/p12s/library-rest-api/library/pkg/handler/middleware.go:35.2,35.26 1 0
github.com/p12s/library-rest-api/library/pkg/handler/middleware.go:40.2,41.16 2 0
github.com/p12s/library-rest-api/library/pkg/handler/middleware.go:46.2,46.24 1 0
github.com/p12s/library-rest-api/library/pkg/handler/middleware.go:19.18,22.3 2 0
github.com/p12s/library-rest-api/library/pkg/handler/middleware.go:25.57,28.3 2 0
github.com/p12s/library-rest-api/library/pkg/handler/middleware.go:30.32,33.3 2 0
github.com/p12s/library-rest-api/library/pkg/handler/middleware.go:35.26,38.3 2 0
github.com/p12s/library-rest-api/library/pkg/handler/middleware.go:41.16,44.3 2 0
github.com/p12s/library-rest-api/library/pkg/handler/middleware.go:50.45,52.9 2 0
github.com/p12s/library-rest-api/library/pkg/handler/middleware.go:57.2,58.9 2 0
github.com/p12s/library-rest-api/library/pkg/handler/middleware.go:62.2,62.19 1 0
github.com/p12s/library-rest-api/library/pkg/handler/middleware.go:52.9,55.3 2 0
github.com/p12s/library-rest-api/library/pkg/handler/middleware.go:58.9,61.3 2 0
github.com/p12s/library-rest-api/library/pkg/handler/response.go:19.71,22.2 2 7
